{"src/AddTodoGroup.js": {"path":"src/AddTodoGroup.js","statementMap":{"0":{"start":{"line":1,"column":13},"end":{"line":1,"column":75}},"1":{"start":{"line":3,"column":13},"end":{"line":3,"column":29}},"2":{"start":{"line":3,"column":44},"end":{"line":3,"column":74}},"3":{"start":{"line":3,"column":113},"end":{"line":3,"column":167}},"4":{"start":{"line":5,"column":19},"end":{"line":25,"column":96}},"5":{"start":{"line":5,"column":62},"end":{"line":5,"column":74}},"6":{"start":{"line":5,"column":75},"end":{"line":25,"column":95}},"7":{"start":{"line":8,"column":20},"end":{"line":8,"column":39}},"8":{"start":{"line":9,"column":31},"end":{"line":9,"column":53}},"9":{"start":{"line":11,"column":20},"end":{"line":14,"column":21}},"10":{"start":{"line":12,"column":24},"end":{"line":12,"column":60}},"11":{"start":{"line":13,"column":24},"end":{"line":13,"column":31}},"12":{"start":{"line":16,"column":20},"end":{"line":16,"column":34}},"13":{"start":{"line":17,"column":20},"end":{"line":17,"column":48}},"14":{"start":{"line":25,"column":97},"end":{"line":29,"column":13}}},"fnMap":{"0":{"name":"_interopRequireDefault","decl":{"start":{"line":3,"column":84},"end":{"line":3,"column":106}},"loc":{"start":{"line":3,"column":112},"end":{"line":3,"column":168}}},"1":{"name":"AddTodoGroup","decl":{"start":{"line":5,"column":28},"end":{"line":5,"column":40}},"loc":{"start":{"line":5,"column":47},"end":{"line":25,"column":96}}},"2":{"name":"onSubmit","decl":{"start":{"line":7,"column":25},"end":{"line":7,"column":33}},"loc":{"start":{"line":7,"column":37},"end":{"line":18,"column":17}}}},"branchMap":{"0":{"loc":{"start":{"line":3,"column":120},"end":{"line":3,"column":166}},"type":"cond-expr","locations":[{"start":{"line":3,"column":144},"end":{"line":3,"column":147}},{"start":{"line":3,"column":150},"end":{"line":3,"column":166}}]},"1":{"loc":{"start":{"line":3,"column":120},"end":{"line":3,"column":141}},"type":"binary-expr","locations":[{"start":{"line":3,"column":120},"end":{"line":3,"column":123}},{"start":{"line":3,"column":127},"end":{"line":3,"column":141}}]},"2":{"loc":{"start":{"line":11,"column":20},"end":{"line":14,"column":21}},"type":"if","locations":[{"start":{"line":11,"column":20},"end":{"line":14,"column":21}},{"start":{"line":11,"column":20},"end":{"line":14,"column":21}}]}},"s":{"0":0,"1":0,"2":0,"3":0,"4":0,"5":0,"6":0,"7":0,"8":0,"9":0,"10":0,"11":0,"12":0,"13":0,"14":0},"f":{"0":0,"1":0,"2":0},"b":{"0":[0,0],"1":[0,0],"2":[0,0]}}
,"src/FilterButton.js": {"path":"src/FilterButton.js","statementMap":{"0":{"start":{"line":12,"column":21},"end":{"line":19,"column":1}},"1":{"start":{"line":13,"column":4},"end":{"line":18,"column":13}}},"fnMap":{"0":{"name":"(anonymous_0)","decl":{"start":{"line":12,"column":21},"end":{"line":12,"column":22}},"loc":{"start":{"line":13,"column":4},"end":{"line":18,"column":13}}}},"branchMap":{"0":{"loc":{"start":{"line":15,"column":19},"end":{"line":15,"column":44}},"type":"binary-expr","locations":[{"start":{"line":15,"column":19},"end":{"line":15,"column":25}},{"start":{"line":15,"column":29},"end":{"line":15,"column":44}}]}},"s":{"0":1,"1":1},"f":{"0":1},"b":{"0":[1,0]},"_coverageSchema":"332fd63041d2c1bcb487cc26dd0d5f7d97098a6c","hash":"b88d8cb0735cf904bb9ba5a0b42532edb1d82a89"}
,"src/FilterGroup.js": {"path":"src/FilterGroup.js","statementMap":{"0":{"start":{"line":1,"column":13},"end":{"line":1,"column":75}},"1":{"start":{"line":3,"column":13},"end":{"line":3,"column":29}},"2":{"start":{"line":3,"column":44},"end":{"line":3,"column":74}},"3":{"start":{"line":5,"column":20},"end":{"line":5,"column":45}},"4":{"start":{"line":5,"column":67},"end":{"line":5,"column":104}},"5":{"start":{"line":5,"column":143},"end":{"line":5,"column":197}},"6":{"start":{"line":12,"column":18},"end":{"line":28,"column":72}},"7":{"start":{"line":12,"column":62},"end":{"line":12,"column":76}},"8":{"start":{"line":12,"column":93},"end":{"line":12,"column":111}},"9":{"start":{"line":12,"column":112},"end":{"line":28,"column":71}},"10":{"start":{"line":15,"column":49},"end":{"line":15,"column":73}},"11":{"start":{"line":21,"column":49},"end":{"line":21,"column":79}},"12":{"start":{"line":27,"column":49},"end":{"line":27,"column":74}},"13":{"start":{"line":28,"column":73},"end":{"line":36,"column":12}}},"fnMap":{"0":{"name":"_interopRequireDefault","decl":{"start":{"line":5,"column":114},"end":{"line":5,"column":136}},"loc":{"start":{"line":5,"column":142},"end":{"line":5,"column":198}}},"1":{"name":"FilterGroup","decl":{"start":{"line":12,"column":27},"end":{"line":12,"column":38}},"loc":{"start":{"line":12,"column":45},"end":{"line":28,"column":72}}},"2":{"name":"onClick","decl":{"start":{"line":15,"column":38},"end":{"line":15,"column":45}},"loc":{"start":{"line":15,"column":48},"end":{"line":15,"column":74}}},"3":{"name":"onClick","decl":{"start":{"line":21,"column":38},"end":{"line":21,"column":45}},"loc":{"start":{"line":21,"column":48},"end":{"line":21,"column":80}}},"4":{"name":"onClick","decl":{"start":{"line":27,"column":38},"end":{"line":27,"column":45}},"loc":{"start":{"line":27,"column":48},"end":{"line":27,"column":75}}}},"branchMap":{"0":{"loc":{"start":{"line":5,"column":150},"end":{"line":5,"column":196}},"type":"cond-expr","locations":[{"start":{"line":5,"column":174},"end":{"line":5,"column":177}},{"start":{"line":5,"column":180},"end":{"line":5,"column":196}}]},"1":{"loc":{"start":{"line":5,"column":150},"end":{"line":5,"column":171}},"type":"binary-expr","locations":[{"start":{"line":5,"column":150},"end":{"line":5,"column":153}},{"start":{"line":5,"column":157},"end":{"line":5,"column":171}}]}},"s":{"0":0,"1":0,"2":0,"3":0,"4":0,"5":0,"6":0,"7":0,"8":0,"9":0,"10":0,"11":0,"12":0,"13":0},"f":{"0":0,"1":0,"2":0,"3":0,"4":0},"b":{"0":[0,0],"1":[0,0]}}
,"src/FirstComponent.js": {"path":"src/FirstComponent.js","statementMap":{"0":{"start":{"line":1,"column":13},"end":{"line":1,"column":75}},"1":{"start":{"line":1,"column":88},"end":{"line":1,"column":104}},"2":{"start":{"line":1,"column":119},"end":{"line":1,"column":149}},"3":{"start":{"line":2,"column":13},"end":{"line":2,"column":31}},"4":{"start":{"line":2,"column":46},"end":{"line":2,"column":76}},"5":{"start":{"line":2,"column":115},"end":{"line":2,"column":169}},"6":{"start":{"line":4,"column":21},"end":{"line":9,"column":65}},"7":{"start":{"line":4,"column":48},"end":{"line":9,"column":64}},"8":{"start":{"line":9,"column":66},"end":{"line":14,"column":15}}},"fnMap":{"0":{"name":"_interopRequireDefault","decl":{"start":{"line":2,"column":86},"end":{"line":2,"column":108}},"loc":{"start":{"line":2,"column":114},"end":{"line":2,"column":170}}},"1":{"name":"FirstComponent","decl":{"start":{"line":4,"column":30},"end":{"line":4,"column":44}},"loc":{"start":{"line":4,"column":47},"end":{"line":9,"column":65}}}},"branchMap":{"0":{"loc":{"start":{"line":2,"column":122},"end":{"line":2,"column":168}},"type":"cond-expr","locations":[{"start":{"line":2,"column":146},"end":{"line":2,"column":149}},{"start":{"line":2,"column":152},"end":{"line":2,"column":168}}]},"1":{"loc":{"start":{"line":2,"column":122},"end":{"line":2,"column":143}},"type":"binary-expr","locations":[{"start":{"line":2,"column":122},"end":{"line":2,"column":125}},{"start":{"line":2,"column":129},"end":{"line":2,"column":143}}]}},"s":{"0":0,"1":0,"2":0,"3":0,"4":0,"5":0,"6":0,"7":0,"8":0},"f":{"0":0,"1":0},"b":{"0":[0,0],"1":[0,0]}}
,"src/Likes.js": {"path":"src/Likes.js","statementMap":{"0":{"start":{"line":1,"column":13},"end":{"line":1,"column":75}},"1":{"start":{"line":1,"column":94},"end":{"line":1,"column":623}},"2":{"start":{"line":1,"column":149},"end":{"line":1,"column":414}},"3":{"start":{"line":1,"column":206},"end":{"line":1,"column":214}},"4":{"start":{"line":1,"column":215},"end":{"line":1,"column":270}},"5":{"start":{"line":1,"column":270},"end":{"line":1,"column":301}},"6":{"start":{"line":1,"column":301},"end":{"line":1,"column":355}},"7":{"start":{"line":1,"column":328},"end":{"line":1,"column":355}},"8":{"start":{"line":1,"column":355},"end":{"line":1,"column":413}},"9":{"start":{"line":1,"column":415},"end":{"line":1,"column":620}},"10":{"start":{"line":1,"column":471},"end":{"line":1,"column":539}},"11":{"start":{"line":1,"column":487},"end":{"line":1,"column":539}},"12":{"start":{"line":1,"column":539},"end":{"line":1,"column":599}},"13":{"start":{"line":1,"column":556},"end":{"line":1,"column":599}},"14":{"start":{"line":1,"column":599},"end":{"line":1,"column":618}},"15":{"start":{"line":1,"column":637},"end":{"line":1,"column":653}},"16":{"start":{"line":1,"column":668},"end":{"line":1,"column":698}},"17":{"start":{"line":2,"column":18},"end":{"line":2,"column":41}},"18":{"start":{"line":2,"column":61},"end":{"line":2,"column":96}},"19":{"start":{"line":2,"column":135},"end":{"line":2,"column":189}},"20":{"start":{"line":2,"column":239},"end":{"line":2,"column":338}},"21":{"start":{"line":2,"column":280},"end":{"line":2,"column":337}},"22":{"start":{"line":2,"column":388},"end":{"line":2,"column":487}},"23":{"start":{"line":2,"column":400},"end":{"line":2,"column":486}},"24":{"start":{"line":2,"column":487},"end":{"line":2,"column":573}},"25":{"start":{"line":2,"column":616},"end":{"line":2,"column":779}},"26":{"start":{"line":2,"column":678},"end":{"line":2,"column":778}},"27":{"start":{"line":2,"column":779},"end":{"line":2,"column":943}},"28":{"start":{"line":2,"column":943},"end":{"line":2,"column":1061}},"29":{"start":{"line":2,"column":959},"end":{"line":2,"column":1061}},"30":{"start":{"line":4,"column":8},"end":{"line":26,"column":42}},"31":{"start":{"line":4,"column":31},"end":{"line":4,"column":60}},"32":{"start":{"line":5,"column":25},"end":{"line":5,"column":54}},"33":{"start":{"line":5,"column":66},"end":{"line":6,"column":11}},"34":{"start":{"line":6,"column":12},"end":{"line":17,"column":6}},"35":{"start":{"line":14,"column":6},"end":{"line":15,"column":40}},"36":{"start":{"line":17,"column":6},"end":{"line":17,"column":33}},"37":{"start":{"line":17,"column":33},"end":{"line":17,"column":83}},"38":{"start":{"line":17,"column":83},"end":{"line":17,"column":96}},"39":{"start":{"line":17,"column":97},"end":{"line":26,"column":10}},"40":{"start":{"line":20,"column":6},"end":{"line":23,"column":40}},"41":{"start":{"line":26,"column":10},"end":{"line":26,"column":23}},"42":{"start":{"line":26,"column":43},"end":{"line":28,"column":6}}},"fnMap":{"0":{"name":"(anonymous_0)","decl":{"start":{"line":1,"column":94},"end":{"line":1,"column":95}},"loc":{"start":{"line":1,"column":106},"end":{"line":1,"column":621}}},"1":{"name":"defineProperties","decl":{"start":{"line":1,"column":116},"end":{"line":1,"column":132}},"loc":{"start":{"line":1,"column":148},"end":{"line":1,"column":415}}},"2":{"name":"(anonymous_2)","decl":{"start":{"line":1,"column":422},"end":{"line":1,"column":423}},"loc":{"start":{"line":1,"column":470},"end":{"line":1,"column":619}}},"3":{"name":"_interopRequireDefault","decl":{"start":{"line":2,"column":106},"end":{"line":2,"column":128}},"loc":{"start":{"line":2,"column":134},"end":{"line":2,"column":190}}},"4":{"name":"_classCallCheck","decl":{"start":{"line":2,"column":199},"end":{"line":2,"column":214}},"loc":{"start":{"line":2,"column":238},"end":{"line":2,"column":339}}},"5":{"name":"_possibleConstructorReturn","decl":{"start":{"line":2,"column":348},"end":{"line":2,"column":374}},"loc":{"start":{"line":2,"column":387},"end":{"line":2,"column":574}}},"6":{"name":"_inherits","decl":{"start":{"line":2,"column":583},"end":{"line":2,"column":592}},"loc":{"start":{"line":2,"column":615},"end":{"line":2,"column":1062}}},"7":{"name":"(anonymous_7)","decl":{"start":{"line":4,"column":8},"end":{"line":4,"column":9}},"loc":{"start":{"line":4,"column":30},"end":{"line":26,"column":24}}},"8":{"name":"Likes","decl":{"start":{"line":5,"column":11},"end":{"line":5,"column":16}},"loc":{"start":{"line":5,"column":24},"end":{"line":17,"column":97}}},"9":{"name":"(anonymous_9)","decl":{"start":{"line":13,"column":18},"end":{"line":13,"column":19}},"loc":{"start":{"line":13,"column":30},"end":{"line":17,"column":5}}},"10":{"name":"render","decl":{"start":{"line":17,"column":151},"end":{"line":17,"column":157}},"loc":{"start":{"line":19,"column":4},"end":{"line":26,"column":5}}}},"branchMap":{"0":{"loc":{"start":{"line":1,"column":239},"end":{"line":1,"column":269}},"type":"binary-expr","locations":[{"start":{"line":1,"column":239},"end":{"line":1,"column":260}},{"start":{"line":1,"column":264},"end":{"line":1,"column":269}}]},"1":{"loc":{"start":{"line":1,"column":301},"end":{"line":1,"column":355}},"type":"if","locations":[{"start":{"line":1,"column":301},"end":{"line":1,"column":355}},{"start":{"line":1,"column":301},"end":{"line":1,"column":355}}]},"2":{"loc":{"start":{"line":1,"column":471},"end":{"line":1,"column":539}},"type":"if","locations":[{"start":{"line":1,"column":471},"end":{"line":1,"column":539}},{"start":{"line":1,"column":471},"end":{"line":1,"column":539}}]},"3":{"loc":{"start":{"line":1,"column":539},"end":{"line":1,"column":599}},"type":"if","locations":[{"start":{"line":1,"column":539},"end":{"line":1,"column":599}},{"start":{"line":1,"column":539},"end":{"line":1,"column":599}}]},"4":{"loc":{"start":{"line":2,"column":142},"end":{"line":2,"column":188}},"type":"cond-expr","locations":[{"start":{"line":2,"column":166},"end":{"line":2,"column":169}},{"start":{"line":2,"column":172},"end":{"line":2,"column":188}}]},"5":{"loc":{"start":{"line":2,"column":142},"end":{"line":2,"column":163}},"type":"binary-expr","locations":[{"start":{"line":2,"column":142},"end":{"line":2,"column":145}},{"start":{"line":2,"column":149},"end":{"line":2,"column":163}}]},"6":{"loc":{"start":{"line":2,"column":239},"end":{"line":2,"column":338}},"type":"if","locations":[{"start":{"line":2,"column":239},"end":{"line":2,"column":338}},{"start":{"line":2,"column":239},"end":{"line":2,"column":338}}]},"7":{"loc":{"start":{"line":2,"column":388},"end":{"line":2,"column":487}},"type":"if","locations":[{"start":{"line":2,"column":388},"end":{"line":2,"column":487}},{"start":{"line":2,"column":388},"end":{"line":2,"column":487}}]},"8":{"loc":{"start":{"line":2,"column":494},"end":{"line":2,"column":572}},"type":"cond-expr","locations":[{"start":{"line":2,"column":561},"end":{"line":2,"column":565}},{"start":{"line":2,"column":568},"end":{"line":2,"column":572}}]},"9":{"loc":{"start":{"line":2,"column":494},"end":{"line":2,"column":558}},"type":"binary-expr","locations":[{"start":{"line":2,"column":494},"end":{"line":2,"column":498}},{"start":{"line":2,"column":503},"end":{"line":2,"column":527}},{"start":{"line":2,"column":531},"end":{"line":2,"column":557}}]},"10":{"loc":{"start":{"line":2,"column":616},"end":{"line":2,"column":779}},"type":"if","locations":[{"start":{"line":2,"column":616},"end":{"line":2,"column":779}},{"start":{"line":2,"column":616},"end":{"line":2,"column":779}}]},"11":{"loc":{"start":{"line":2,"column":620},"end":{"line":2,"column":675}},"type":"binary-expr","locations":[{"start":{"line":2,"column":620},"end":{"line":2,"column":652}},{"start":{"line":2,"column":656},"end":{"line":2,"column":675}}]},"12":{"loc":{"start":{"line":2,"column":814},"end":{"line":2,"column":848}},"type":"binary-expr","locations":[{"start":{"line":2,"column":814},"end":{"line":2,"column":824}},{"start":{"line":2,"column":828},"end":{"line":2,"column":848}}]},"13":{"loc":{"start":{"line":2,"column":943},"end":{"line":2,"column":1061}},"type":"if","locations":[{"start":{"line":2,"column":943},"end":{"line":2,"column":1061}},{"start":{"line":2,"column":943},"end":{"line":2,"column":1061}}]},"14":{"loc":{"start":{"line":2,"column":959},"end":{"line":2,"column":1060}},"type":"cond-expr","locations":[{"start":{"line":2,"column":983},"end":{"line":2,"column":1026}},{"start":{"line":2,"column":1029},"end":{"line":2,"column":1060}}]},"15":{"loc":{"start":{"line":5,"column":100},"end":{"line":5,"column":147}},"type":"binary-expr","locations":[{"start":{"line":5,"column":100},"end":{"line":5,"column":115}},{"start":{"line":5,"column":119},"end":{"line":5,"column":147}}]}},"s":{"0":0,"1":0,"2":0,"3":0,"4":0,"5":0,"6":0,"7":0,"8":0,"9":0,"10":0,"11":0,"12":0,"13":0,"14":0,"15":0,"16":0,"17":0,"18":0,"19":0,"20":0,"21":0,"22":0,"23":0,"24":0,"25":0,"26":0,"27":0,"28":0,"29":0,"30":0,"31":0,"32":0,"33":0,"34":0,"35":0,"36":0,"37":0,"38":0,"39":0,"40":0,"41":0,"42":0},"f":{"0":0,"1":0,"2":0,"3":0,"4":0,"5":0,"6":0,"7":0,"8":0,"9":0,"10":0},"b":{"0":[0,0],"1":[0,0],"2":[0,0],"3":[0,0],"4":[0,0],"5":[0,0],"6":[0,0],"7":[0,0],"8":[0,0],"9":[0,0,0],"10":[0,0],"11":[0,0],"12":[0,0],"13":[0,0],"14":[0,0],"15":[0,0]}}
,"src/Todo.js": {"path":"src/Todo.js","statementMap":{"0":{"start":{"line":1,"column":13},"end":{"line":1,"column":75}},"1":{"start":{"line":1,"column":88},"end":{"line":1,"column":104}},"2":{"start":{"line":1,"column":119},"end":{"line":1,"column":149}},"3":{"start":{"line":1,"column":188},"end":{"line":1,"column":242}},"4":{"start":{"line":3,"column":16},"end":{"line":8,"column":39}},"5":{"start":{"line":11,"column":11},"end":{"line":29,"column":89}},"6":{"start":{"line":11,"column":48},"end":{"line":11,"column":62}},"7":{"start":{"line":11,"column":71},"end":{"line":11,"column":81}},"8":{"start":{"line":11,"column":87},"end":{"line":11,"column":94}},"9":{"start":{"line":11,"column":108},"end":{"line":11,"column":123}},"10":{"start":{"line":11,"column":137},"end":{"line":11,"column":152}},"11":{"start":{"line":11,"column":153},"end":{"line":29,"column":88}},"12":{"start":{"line":18,"column":45},"end":{"line":18,"column":60}},"13":{"start":{"line":23,"column":49},"end":{"line":23,"column":64}},"14":{"start":{"line":29,"column":49},"end":{"line":29,"column":71}},"15":{"start":{"line":37,"column":0},"end":{"line":37,"column":27}},"16":{"start":{"line":37,"column":27},"end":{"line":39,"column":5}}},"fnMap":{"0":{"name":"_interopRequireDefault","decl":{"start":{"line":1,"column":159},"end":{"line":1,"column":181}},"loc":{"start":{"line":1,"column":187},"end":{"line":1,"column":243}}},"1":{"name":"Todo","decl":{"start":{"line":11,"column":20},"end":{"line":11,"column":24}},"loc":{"start":{"line":11,"column":31},"end":{"line":29,"column":89}}},"2":{"name":"onClick","decl":{"start":{"line":18,"column":34},"end":{"line":18,"column":41}},"loc":{"start":{"line":18,"column":44},"end":{"line":18,"column":61}}},"3":{"name":"onClick","decl":{"start":{"line":23,"column":38},"end":{"line":23,"column":45}},"loc":{"start":{"line":23,"column":48},"end":{"line":23,"column":65}}},"4":{"name":"onClick","decl":{"start":{"line":29,"column":38},"end":{"line":29,"column":45}},"loc":{"start":{"line":29,"column":48},"end":{"line":29,"column":72}}}},"branchMap":{"0":{"loc":{"start":{"line":1,"column":195},"end":{"line":1,"column":241}},"type":"cond-expr","locations":[{"start":{"line":1,"column":219},"end":{"line":1,"column":222}},{"start":{"line":1,"column":225},"end":{"line":1,"column":241}}]},"1":{"loc":{"start":{"line":1,"column":195},"end":{"line":1,"column":216}},"type":"binary-expr","locations":[{"start":{"line":1,"column":195},"end":{"line":1,"column":198}},{"start":{"line":1,"column":202},"end":{"line":1,"column":216}}]},"2":{"loc":{"start":{"line":12,"column":58},"end":{"line":12,"column":98}},"type":"cond-expr","locations":[{"start":{"line":12,"column":70},"end":{"line":12,"column":89}},{"start":{"line":12,"column":92},"end":{"line":12,"column":98}}]}},"s":{"0":0,"1":0,"2":0,"3":0,"4":0,"5":0,"6":0,"7":0,"8":0,"9":0,"10":0,"11":0,"12":0,"13":0,"14":0,"15":0,"16":0},"f":{"0":0,"1":0,"2":0,"3":0,"4":0},"b":{"0":[0,0],"1":[0,0],"2":[0,0]}}
,"src/TodoApp.js": {"path":"src/TodoApp.js","statementMap":{"0":{"start":{"line":1,"column":13},"end":{"line":1,"column":75}},"1":{"start":{"line":1,"column":90},"end":{"line":1,"column":321}},"2":{"start":{"line":1,"column":126},"end":{"line":1,"column":306}},"3":{"start":{"line":1,"column":183},"end":{"line":1,"column":195}},"4":{"start":{"line":1,"column":196},"end":{"line":1,"column":305}},"5":{"start":{"line":1,"column":221},"end":{"line":1,"column":304}},"6":{"start":{"line":1,"column":277},"end":{"line":1,"column":303}},"7":{"start":{"line":1,"column":306},"end":{"line":1,"column":320}},"8":{"start":{"line":1,"column":341},"end":{"line":1,"column":870}},"9":{"start":{"line":1,"column":396},"end":{"line":1,"column":661}},"10":{"start":{"line":1,"column":453},"end":{"line":1,"column":461}},"11":{"start":{"line":1,"column":462},"end":{"line":1,"column":517}},"12":{"start":{"line":1,"column":517},"end":{"line":1,"column":548}},"13":{"start":{"line":1,"column":548},"end":{"line":1,"column":602}},"14":{"start":{"line":1,"column":575},"end":{"line":1,"column":602}},"15":{"start":{"line":1,"column":602},"end":{"line":1,"column":660}},"16":{"start":{"line":1,"column":662},"end":{"line":1,"column":867}},"17":{"start":{"line":1,"column":718},"end":{"line":1,"column":786}},"18":{"start":{"line":1,"column":734},"end":{"line":1,"column":786}},"19":{"start":{"line":1,"column":786},"end":{"line":1,"column":846}},"20":{"start":{"line":1,"column":803},"end":{"line":1,"column":846}},"21":{"start":{"line":1,"column":846},"end":{"line":1,"column":865}},"22":{"start":{"line":2,"column":13},"end":{"line":2,"column":29}},"23":{"start":{"line":2,"column":44},"end":{"line":2,"column":74}},"24":{"start":{"line":4,"column":0},"end":{"line":4,"column":24}},"25":{"start":{"line":5,"column":16},"end":{"line":5,"column":37}},"26":{"start":{"line":5,"column":55},"end":{"line":5,"column":88}},"27":{"start":{"line":6,"column":20},"end":{"line":6,"column":45}},"28":{"start":{"line":6,"column":67},"end":{"line":6,"column":104}},"29":{"start":{"line":7,"column":19},"end":{"line":7,"column":43}},"30":{"start":{"line":7,"column":64},"end":{"line":7,"column":100}},"31":{"start":{"line":7,"column":139},"end":{"line":7,"column":193}},"32":{"start":{"line":7,"column":253},"end":{"line":7,"column":255}},"33":{"start":{"line":7,"column":256},"end":{"line":7,"column":391}},"34":{"start":{"line":7,"column":276},"end":{"line":7,"column":311}},"35":{"start":{"line":7,"column":302},"end":{"line":7,"column":311}},"36":{"start":{"line":7,"column":311},"end":{"line":7,"column":371}},"37":{"start":{"line":7,"column":362},"end":{"line":7,"column":371}},"38":{"start":{"line":7,"column":371},"end":{"line":7,"column":390}},"39":{"start":{"line":7,"column":391},"end":{"line":7,"column":405}},"40":{"start":{"line":7,"column":449},"end":{"line":7,"column":596}},"41":{"start":{"line":7,"column":466},"end":{"line":7,"column":570}},"42":{"start":{"line":7,"column":578},"end":{"line":7,"column":595}},"43":{"start":{"line":7,"column":596},"end":{"line":7,"column":607}},"44":{"start":{"line":7,"column":657},"end":{"line":7,"column":756}},"45":{"start":{"line":7,"column":698},"end":{"line":7,"column":755}},"46":{"start":{"line":7,"column":806},"end":{"line":7,"column":905}},"47":{"start":{"line":7,"column":818},"end":{"line":7,"column":904}},"48":{"start":{"line":7,"column":905},"end":{"line":7,"column":991}},"49":{"start":{"line":7,"column":1034},"end":{"line":7,"column":1197}},"50":{"start":{"line":7,"column":1096},"end":{"line":7,"column":1196}},"51":{"start":{"line":7,"column":1197},"end":{"line":7,"column":1361}},"52":{"start":{"line":7,"column":1361},"end":{"line":7,"column":1479}},"53":{"start":{"line":7,"column":1377},"end":{"line":7,"column":1479}},"54":{"start":{"line":24,"column":10},"end":{"line":108,"column":48}},"55":{"start":{"line":24,"column":33},"end":{"line":24,"column":64}},"56":{"start":{"line":27,"column":29},"end":{"line":27,"column":60}},"57":{"start":{"line":27,"column":72},"end":{"line":28,"column":15}},"58":{"start":{"line":28,"column":16},"end":{"line":52,"column":10}},"59":{"start":{"line":42,"column":24},"end":{"line":42,"column":41}},"60":{"start":{"line":43,"column":12},"end":{"line":48,"column":60}},"61":{"start":{"line":52,"column":10},"end":{"line":60,"column":10}},"62":{"start":{"line":58,"column":12},"end":{"line":58,"column":29}},"63":{"start":{"line":58,"column":34},"end":{"line":58,"column":55}},"64":{"start":{"line":58,"column":73},"end":{"line":58,"column":122}},"65":{"start":{"line":59,"column":12},"end":{"line":59,"column":54}},"66":{"start":{"line":60,"column":10},"end":{"line":74,"column":10}},"67":{"start":{"line":63,"column":21},"end":{"line":63,"column":42}},"68":{"start":{"line":64,"column":12},"end":{"line":70,"column":34}},"69":{"start":{"line":74,"column":10},"end":{"line":78,"column":10}},"70":{"start":{"line":77,"column":12},"end":{"line":77,"column":47}},"71":{"start":{"line":78,"column":10},"end":{"line":78,"column":128}},"72":{"start":{"line":78,"column":128},"end":{"line":78,"column":141}},"73":{"start":{"line":78,"column":142},"end":{"line":108,"column":14}},"74":{"start":{"line":81,"column":12},"end":{"line":81,"column":22}},"75":{"start":{"line":81,"column":31},"end":{"line":81,"column":43}},"76":{"start":{"line":81,"column":53},"end":{"line":81,"column":66}},"77":{"start":{"line":83,"column":12},"end":{"line":85,"column":13}},"78":{"start":{"line":84,"column":16},"end":{"line":84,"column":29}},"79":{"start":{"line":87,"column":12},"end":{"line":89,"column":111}},"80":{"start":{"line":88,"column":32},"end":{"line":88,"column":50}},"81":{"start":{"line":89,"column":36},"end":{"line":89,"column":108}},"82":{"start":{"line":93,"column":12},"end":{"line":104,"column":62}},"83":{"start":{"line":108,"column":14},"end":{"line":108,"column":29}},"84":{"start":{"line":108,"column":49},"end":{"line":111,"column":8}}},"fnMap":{"0":{"name":"(anonymous_0)","decl":{"start":{"line":1,"column":107},"end":{"line":1,"column":108}},"loc":{"start":{"line":1,"column":125},"end":{"line":1,"column":321}}},"1":{"name":"(anonymous_1)","decl":{"start":{"line":1,"column":341},"end":{"line":1,"column":342}},"loc":{"start":{"line":1,"column":353},"end":{"line":1,"column":868}}},"2":{"name":"defineProperties","decl":{"start":{"line":1,"column":363},"end":{"line":1,"column":379}},"loc":{"start":{"line":1,"column":395},"end":{"line":1,"column":662}}},"3":{"name":"(anonymous_3)","decl":{"start":{"line":1,"column":669},"end":{"line":1,"column":670}},"loc":{"start":{"line":1,"column":717},"end":{"line":1,"column":866}}},"4":{"name":"_interopRequireDefault","decl":{"start":{"line":7,"column":110},"end":{"line":7,"column":132}},"loc":{"start":{"line":7,"column":138},"end":{"line":7,"column":194}}},"5":{"name":"_objectWithoutProperties","decl":{"start":{"line":7,"column":203},"end":{"line":7,"column":227}},"loc":{"start":{"line":7,"column":239},"end":{"line":7,"column":406}}},"6":{"name":"_defineProperty","decl":{"start":{"line":7,"column":415},"end":{"line":7,"column":430}},"loc":{"start":{"line":7,"column":448},"end":{"line":7,"column":608}}},"7":{"name":"_classCallCheck","decl":{"start":{"line":7,"column":617},"end":{"line":7,"column":632}},"loc":{"start":{"line":7,"column":656},"end":{"line":7,"column":757}}},"8":{"name":"_possibleConstructorReturn","decl":{"start":{"line":7,"column":766},"end":{"line":7,"column":792}},"loc":{"start":{"line":7,"column":805},"end":{"line":7,"column":992}}},"9":{"name":"_inherits","decl":{"start":{"line":7,"column":1001},"end":{"line":7,"column":1010}},"loc":{"start":{"line":7,"column":1033},"end":{"line":7,"column":1480}}},"10":{"name":"(anonymous_10)","decl":{"start":{"line":24,"column":10},"end":{"line":24,"column":11}},"loc":{"start":{"line":24,"column":32},"end":{"line":108,"column":30}}},"11":{"name":"TodoApp","decl":{"start":{"line":27,"column":13},"end":{"line":27,"column":20}},"loc":{"start":{"line":27,"column":28},"end":{"line":78,"column":142}}},"12":{"name":"(anonymous_12)","decl":{"start":{"line":41,"column":21},"end":{"line":41,"column":22}},"loc":{"start":{"line":41,"column":35},"end":{"line":52,"column":9}}},"13":{"name":"(anonymous_13)","decl":{"start":{"line":54,"column":21},"end":{"line":54,"column":22}},"loc":{"start":{"line":54,"column":35},"end":{"line":60,"column":9}}},"14":{"name":"(anonymous_14)","decl":{"start":{"line":62,"column":18},"end":{"line":62,"column":19}},"loc":{"start":{"line":62,"column":35},"end":{"line":74,"column":9}}},"15":{"name":"(anonymous_15)","decl":{"start":{"line":76,"column":20},"end":{"line":76,"column":21}},"loc":{"start":{"line":76,"column":38},"end":{"line":78,"column":9}}},"16":{"name":"getFilteredTodos","decl":{"start":{"line":78,"column":208},"end":{"line":78,"column":224}},"loc":{"start":{"line":80,"column":8},"end":{"line":90,"column":9}}},"17":{"name":"(anonymous_17)","decl":{"start":{"line":88,"column":16},"end":{"line":88,"column":17}},"loc":{"start":{"line":88,"column":31},"end":{"line":88,"column":51}}},"18":{"name":"(anonymous_18)","decl":{"start":{"line":89,"column":19},"end":{"line":89,"column":20}},"loc":{"start":{"line":89,"column":35},"end":{"line":89,"column":109}}},"19":{"name":"render","decl":{"start":{"line":90,"column":46},"end":{"line":90,"column":52}},"loc":{"start":{"line":92,"column":8},"end":{"line":108,"column":9}}}},"branchMap":{"0":{"loc":{"start":{"line":1,"column":90},"end":{"line":1,"column":321}},"type":"binary-expr","locations":[{"start":{"line":1,"column":90},"end":{"line":1,"column":103}},{"start":{"line":1,"column":107},"end":{"line":1,"column":321}}]},"1":{"loc":{"start":{"line":1,"column":221},"end":{"line":1,"column":304}},"type":"if","locations":[{"start":{"line":1,"column":221},"end":{"line":1,"column":304}},{"start":{"line":1,"column":221},"end":{"line":1,"column":304}}]},"2":{"loc":{"start":{"line":1,"column":486},"end":{"line":1,"column":516}},"type":"binary-expr","locations":[{"start":{"line":1,"column":486},"end":{"line":1,"column":507}},{"start":{"line":1,"column":511},"end":{"line":1,"column":516}}]},"3":{"loc":{"start":{"line":1,"column":548},"end":{"line":1,"column":602}},"type":"if","locations":[{"start":{"line":1,"column":548},"end":{"line":1,"column":602}},{"start":{"line":1,"column":548},"end":{"line":1,"column":602}}]},"4":{"loc":{"start":{"line":1,"column":718},"end":{"line":1,"column":786}},"type":"if","locations":[{"start":{"line":1,"column":718},"end":{"line":1,"column":786}},{"start":{"line":1,"column":718},"end":{"line":1,"column":786}}]},"5":{"loc":{"start":{"line":1,"column":786},"end":{"line":1,"column":846}},"type":"if","locations":[{"start":{"line":1,"column":786},"end":{"line":1,"column":846}},{"start":{"line":1,"column":786},"end":{"line":1,"column":846}}]},"6":{"loc":{"start":{"line":7,"column":146},"end":{"line":7,"column":192}},"type":"cond-expr","locations":[{"start":{"line":7,"column":170},"end":{"line":7,"column":173}},{"start":{"line":7,"column":176},"end":{"line":7,"column":192}}]},"7":{"loc":{"start":{"line":7,"column":146},"end":{"line":7,"column":167}},"type":"binary-expr","locations":[{"start":{"line":7,"column":146},"end":{"line":7,"column":149}},{"start":{"line":7,"column":153},"end":{"line":7,"column":167}}]},"8":{"loc":{"start":{"line":7,"column":276},"end":{"line":7,"column":311}},"type":"if","locations":[{"start":{"line":7,"column":276},"end":{"line":7,"column":311}},{"start":{"line":7,"column":276},"end":{"line":7,"column":311}}]},"9":{"loc":{"start":{"line":7,"column":311},"end":{"line":7,"column":371}},"type":"if","locations":[{"start":{"line":7,"column":311},"end":{"line":7,"column":371}},{"start":{"line":7,"column":311},"end":{"line":7,"column":371}}]},"10":{"loc":{"start":{"line":7,"column":449},"end":{"line":7,"column":596}},"type":"if","locations":[{"start":{"line":7,"column":449},"end":{"line":7,"column":596}},{"start":{"line":7,"column":449},"end":{"line":7,"column":596}}]},"11":{"loc":{"start":{"line":7,"column":657},"end":{"line":7,"column":756}},"type":"if","locations":[{"start":{"line":7,"column":657},"end":{"line":7,"column":756}},{"start":{"line":7,"column":657},"end":{"line":7,"column":756}}]},"12":{"loc":{"start":{"line":7,"column":806},"end":{"line":7,"column":905}},"type":"if","locations":[{"start":{"line":7,"column":806},"end":{"line":7,"column":905}},{"start":{"line":7,"column":806},"end":{"line":7,"column":905}}]},"13":{"loc":{"start":{"line":7,"column":912},"end":{"line":7,"column":990}},"type":"cond-expr","locations":[{"start":{"line":7,"column":979},"end":{"line":7,"column":983}},{"start":{"line":7,"column":986},"end":{"line":7,"column":990}}]},"14":{"loc":{"start":{"line":7,"column":912},"end":{"line":7,"column":976}},"type":"binary-expr","locations":[{"start":{"line":7,"column":912},"end":{"line":7,"column":916}},{"start":{"line":7,"column":921},"end":{"line":7,"column":945}},{"start":{"line":7,"column":949},"end":{"line":7,"column":975}}]},"15":{"loc":{"start":{"line":7,"column":1034},"end":{"line":7,"column":1197}},"type":"if","locations":[{"start":{"line":7,"column":1034},"end":{"line":7,"column":1197}},{"start":{"line":7,"column":1034},"end":{"line":7,"column":1197}}]},"16":{"loc":{"start":{"line":7,"column":1038},"end":{"line":7,"column":1093}},"type":"binary-expr","locations":[{"start":{"line":7,"column":1038},"end":{"line":7,"column":1070}},{"start":{"line":7,"column":1074},"end":{"line":7,"column":1093}}]},"17":{"loc":{"start":{"line":7,"column":1232},"end":{"line":7,"column":1266}},"type":"binary-expr","locations":[{"start":{"line":7,"column":1232},"end":{"line":7,"column":1242}},{"start":{"line":7,"column":1246},"end":{"line":7,"column":1266}}]},"18":{"loc":{"start":{"line":7,"column":1361},"end":{"line":7,"column":1479}},"type":"if","locations":[{"start":{"line":7,"column":1361},"end":{"line":7,"column":1479}},{"start":{"line":7,"column":1361},"end":{"line":7,"column":1479}}]},"19":{"loc":{"start":{"line":7,"column":1377},"end":{"line":7,"column":1478}},"type":"cond-expr","locations":[{"start":{"line":7,"column":1401},"end":{"line":7,"column":1444}},{"start":{"line":7,"column":1447},"end":{"line":7,"column":1478}}]},"20":{"loc":{"start":{"line":27,"column":106},"end":{"line":27,"column":157}},"type":"binary-expr","locations":[{"start":{"line":27,"column":106},"end":{"line":27,"column":123}},{"start":{"line":27,"column":127},"end":{"line":27,"column":157}}]},"21":{"loc":{"start":{"line":83,"column":12},"end":{"line":85,"column":13}},"type":"if","locations":[{"start":{"line":83,"column":12},"end":{"line":85,"column":13}},{"start":{"line":83,"column":12},"end":{"line":85,"column":13}}]},"22":{"loc":{"start":{"line":89,"column":63},"end":{"line":89,"column":106}},"type":"binary-expr","locations":[{"start":{"line":89,"column":63},"end":{"line":89,"column":85}},{"start":{"line":89,"column":89},"end":{"line":89,"column":106}}]}},"s":{"0":0,"1":0,"2":0,"3":0,"4":0,"5":0,"6":0,"7":0,"8":0,"9":0,"10":0,"11":0,"12":0,"13":0,"14":0,"15":0,"16":0,"17":0,"18":0,"19":0,"20":0,"21":0,"22":0,"23":0,"24":0,"25":0,"26":0,"27":0,"28":0,"29":0,"30":0,"31":0,"32":0,"33":0,"34":0,"35":0,"36":0,"37":0,"38":0,"39":0,"40":0,"41":0,"42":0,"43":0,"44":0,"45":0,"46":0,"47":0,"48":0,"49":0,"50":0,"51":0,"52":0,"53":0,"54":0,"55":0,"56":0,"57":0,"58":0,"59":0,"60":0,"61":0,"62":0,"63":0,"64":0,"65":0,"66":0,"67":0,"68":0,"69":0,"70":0,"71":0,"72":0,"73":0,"74":0,"75":0,"76":0,"77":0,"78":0,"79":0,"80":0,"81":0,"82":0,"83":0,"84":0},"f":{"0":0,"1":0,"2":0,"3":0,"4":0,"5":0,"6":0,"7":0,"8":0,"9":0,"10":0,"11":0,"12":0,"13":0,"14":0,"15":0,"16":0,"17":0,"18":0,"19":0},"b":{"0":[0,0],"1":[0,0],"2":[0,0],"3":[0,0],"4":[0,0],"5":[0,0],"6":[0,0],"7":[0,0],"8":[0,0],"9":[0,0],"10":[0,0],"11":[0,0],"12":[0,0],"13":[0,0],"14":[0,0,0],"15":[0,0],"16":[0,0],"17":[0,0],"18":[0,0],"19":[0,0],"20":[0,0],"21":[0,0],"22":[0,0]}}
,"src/TodoList.js": {"path":"src/TodoList.js","statementMap":{"0":{"start":{"line":1,"column":13},"end":{"line":1,"column":75}},"1":{"start":{"line":1,"column":88},"end":{"line":1,"column":104}},"2":{"start":{"line":1,"column":119},"end":{"line":1,"column":149}},"3":{"start":{"line":3,"column":12},"end":{"line":3,"column":29}},"4":{"start":{"line":3,"column":43},"end":{"line":3,"column":72}},"5":{"start":{"line":3,"column":111},"end":{"line":3,"column":165}},"6":{"start":{"line":5,"column":16},"end":{"line":8,"column":39}},"7":{"start":{"line":11,"column":15},"end":{"line":23,"column":57}},"8":{"start":{"line":11,"column":52},"end":{"line":11,"column":62}},"9":{"start":{"line":11,"column":76},"end":{"line":11,"column":91}},"10":{"start":{"line":11,"column":105},"end":{"line":11,"column":120}},"11":{"start":{"line":11,"column":121},"end":{"line":23,"column":56}},"12":{"start":{"line":15,"column":32},"end":{"line":15,"column":50}},"13":{"start":{"line":16,"column":40},"end":{"line":23,"column":51}},"14":{"start":{"line":23,"column":58},"end":{"line":30,"column":9}}},"fnMap":{"0":{"name":"_interopRequireDefault","decl":{"start":{"line":3,"column":82},"end":{"line":3,"column":104}},"loc":{"start":{"line":3,"column":110},"end":{"line":3,"column":166}}},"1":{"name":"TodoList","decl":{"start":{"line":11,"column":24},"end":{"line":11,"column":32}},"loc":{"start":{"line":11,"column":39},"end":{"line":23,"column":57}}},"2":{"name":"(anonymous_2)","decl":{"start":{"line":15,"column":16},"end":{"line":15,"column":17}},"loc":{"start":{"line":15,"column":31},"end":{"line":15,"column":51}}},"3":{"name":"(anonymous_3)","decl":{"start":{"line":16,"column":16},"end":{"line":16,"column":17}},"loc":{"start":{"line":16,"column":39},"end":{"line":23,"column":52}}}},"branchMap":{"0":{"loc":{"start":{"line":3,"column":118},"end":{"line":3,"column":164}},"type":"cond-expr","locations":[{"start":{"line":3,"column":142},"end":{"line":3,"column":145}},{"start":{"line":3,"column":148},"end":{"line":3,"column":164}}]},"1":{"loc":{"start":{"line":3,"column":118},"end":{"line":3,"column":139}},"type":"binary-expr","locations":[{"start":{"line":3,"column":118},"end":{"line":3,"column":121}},{"start":{"line":3,"column":125},"end":{"line":3,"column":139}}]}},"s":{"0":0,"1":0,"2":0,"3":0,"4":0,"5":0,"6":0,"7":0,"8":0,"9":0,"10":0,"11":0,"12":0,"13":0,"14":0},"f":{"0":0,"1":0,"2":0,"3":0},"b":{"0":[0,0],"1":[0,0]}}
,"src/app.js": {"path":"src/app.js","statementMap":{"0":{"start":{"line":1,"column":26},"end":{"line":1,"column":42}},"1":{"start":{"line":1,"column":57},"end":{"line":1,"column":87}},"2":{"start":{"line":2,"column":16},"end":{"line":2,"column":36}},"3":{"start":{"line":2,"column":54},"end":{"line":2,"column":87}},"4":{"start":{"line":4,"column":22},"end":{"line":4,"column":49}},"5":{"start":{"line":4,"column":73},"end":{"line":4,"column":112}},"6":{"start":{"line":5,"column":0},"end":{"line":5,"column":24}},"7":{"start":{"line":5,"column":62},"end":{"line":5,"column":116}},"8":{"start":{"line":7,"column":0},"end":{"line":9,"column":37}}},"fnMap":{"0":{"name":"_interopRequireDefault","decl":{"start":{"line":5,"column":33},"end":{"line":5,"column":55}},"loc":{"start":{"line":5,"column":61},"end":{"line":5,"column":117}}}},"branchMap":{"0":{"loc":{"start":{"line":5,"column":69},"end":{"line":5,"column":115}},"type":"cond-expr","locations":[{"start":{"line":5,"column":93},"end":{"line":5,"column":96}},{"start":{"line":5,"column":99},"end":{"line":5,"column":115}}]},"1":{"loc":{"start":{"line":5,"column":69},"end":{"line":5,"column":90}},"type":"binary-expr","locations":[{"start":{"line":5,"column":69},"end":{"line":5,"column":72}},{"start":{"line":5,"column":76},"end":{"line":5,"column":90}}]}},"s":{"0":0,"1":0,"2":0,"3":0,"4":0,"5":0,"6":0,"7":0,"8":0},"f":{"0":0},"b":{"0":[0,0],"1":[0,0]}}
}
